[ 2017-08-28T14:12:08+08:00 ][ info ] [ LANG ] D:\UPUPW\htdocs\niuniu\thinkphp\lang\zh-cn.php
[ info ] [ LOG ] INIT File
[ 2017-08-28T14:12:08+08:00 ][ info ] [ BIND ] 'worker/Worker'
[ 2017-08-28T14:12:08+08:00 ][ info ] [ ROUTE ] array (
  'type' => 'module',
  'module' => 
  array (
    0 => 'worker',
    1 => 'Worker',
    2 => NULL,
  ),
)
[ 2017-08-28T14:12:08+08:00 ][ info ] [ HEADER ] array (
)
[ 2017-08-28T14:12:08+08:00 ][ info ] [ PARAM ] array (
)
[ 2017-08-28T15:42:54+08:00 ][ info ] [ LANG ] D:\UPUPW\htdocs\niuniu\thinkphp\lang\zh-cn.php
[ info ] [ LOG ] INIT File
[ 2017-08-28T15:42:54+08:00 ][ info ] [ BIND ] 'worker/Worker'
[ 2017-08-28T15:42:54+08:00 ][ info ] [ ROUTE ] array (
  'type' => 'module',
  'module' => 
  array (
    0 => 'worker',
    1 => 'Worker',
    2 => NULL,
  ),
)
[ 2017-08-28T15:42:54+08:00 ][ info ] [ HEADER ] array (
)
[ 2017-08-28T15:42:54+08:00 ][ info ] [ PARAM ] array (
)
[ 2017-08-28T15:42:54+08:00 ][ error ] [64]Access level to app\worker\controller\Worker::__construct() must be public (as in class think\worker\Server)[D:\UPUPW\htdocs\niuniu\application\worker\controller\Worker.php:6]
[ 2017-08-28T15:43:15+08:00 ][ info ] [ LANG ] D:\UPUPW\htdocs\niuniu\thinkphp\lang\zh-cn.php
[ info ] [ LOG ] INIT File
[ 2017-08-28T15:43:15+08:00 ][ info ] [ BIND ] 'worker/Worker'
[ 2017-08-28T15:43:15+08:00 ][ info ] [ ROUTE ] array (
  'type' => 'module',
  'module' => 
  array (
    0 => 'worker',
    1 => 'Worker',
    2 => NULL,
  ),
)
[ 2017-08-28T15:43:15+08:00 ][ info ] [ HEADER ] array (
)
[ 2017-08-28T15:43:15+08:00 ][ info ] [ PARAM ] array (
)
[ 2017-08-28T15:43:15+08:00 ][ error ] [64]Access level to app\worker\controller\Worker::__construct() must be public (as in class think\worker\Server)[D:\UPUPW\htdocs\niuniu\application\worker\controller\Worker.php:6]
[ 2017-08-28T15:43:28+08:00 ][ info ] [ LANG ] D:\UPUPW\htdocs\niuniu\thinkphp\lang\zh-cn.php
[ info ] [ LOG ] INIT File
[ 2017-08-28T15:43:28+08:00 ][ info ] [ BIND ] 'worker/Worker'
[ 2017-08-28T15:43:28+08:00 ][ info ] [ ROUTE ] array (
  'type' => 'module',
  'module' => 
  array (
    0 => 'worker',
    1 => 'Worker',
    2 => NULL,
  ),
)
[ 2017-08-28T15:43:28+08:00 ][ info ] [ HEADER ] array (
)
[ 2017-08-28T15:43:28+08:00 ][ info ] [ PARAM ] array (
)
[ 2017-08-28T15:43:29+08:00 ][ error ] [2]Redis::connect(): connect() failed: 由于目标计算机积极拒绝，无法连接。
[D:\UPUPW\htdocs\niuniu\thinkphp\library\think\cache\driver\Redis.php:51]
[ 2017-08-28T15:44:42+08:00 ][ info ] [ LANG ] D:\UPUPW\htdocs\niuniu\thinkphp\lang\zh-cn.php
[ info ] [ LOG ] INIT File
[ 2017-08-28T15:44:42+08:00 ][ info ] [ BIND ] 'worker/Worker'
[ 2017-08-28T15:44:42+08:00 ][ info ] [ ROUTE ] array (
  'type' => 'module',
  'module' => 
  array (
    0 => 'worker',
    1 => 'Worker',
    2 => NULL,
  ),
)
[ 2017-08-28T15:44:42+08:00 ][ info ] [ HEADER ] array (
)
[ 2017-08-28T15:44:42+08:00 ][ info ] [ PARAM ] array (
)
[ 2017-08-28T15:44:43+08:00 ][ error ] [2]Redis::connect(): connect() failed: 由于目标计算机积极拒绝，无法连接。
[D:\UPUPW\htdocs\niuniu\thinkphp\library\think\cache\driver\Redis.php:51]
[ 2017-08-28T15:44:50+08:00 ][ info ] [ LANG ] D:\UPUPW\htdocs\niuniu\thinkphp\lang\zh-cn.php
[ info ] [ LOG ] INIT File
[ 2017-08-28T15:44:50+08:00 ][ info ] [ BIND ] 'worker/Worker'
[ 2017-08-28T15:44:50+08:00 ][ info ] [ ROUTE ] array (
  'type' => 'module',
  'module' => 
  array (
    0 => 'worker',
    1 => 'Worker',
    2 => NULL,
  ),
)
[ 2017-08-28T15:44:50+08:00 ][ info ] [ HEADER ] array (
)
[ 2017-08-28T15:44:50+08:00 ][ info ] [ PARAM ] array (
)
[ 2017-08-28T15:44:51+08:00 ][ error ] [2]Redis::connect(): connect() failed: 由于目标计算机积极拒绝，无法连接。
[D:\UPUPW\htdocs\niuniu\thinkphp\library\think\cache\driver\Redis.php:51]
[ 2017-08-28T15:45:24+08:00 ][ info ] [ LANG ] D:\UPUPW\htdocs\niuniu\thinkphp\lang\zh-cn.php
[ info ] [ LOG ] INIT File
[ 2017-08-28T15:45:24+08:00 ][ info ] [ BIND ] 'worker/Worker'
[ 2017-08-28T15:45:24+08:00 ][ info ] [ ROUTE ] array (
  'type' => 'module',
  'module' => 
  array (
    0 => 'worker',
    1 => 'Worker',
    2 => NULL,
  ),
)
[ 2017-08-28T15:45:24+08:00 ][ info ] [ HEADER ] array (
)
[ 2017-08-28T15:45:24+08:00 ][ info ] [ PARAM ] array (
)
[ 2017-08-28T15:46:31+08:00 ][ info ] [ LANG ] D:\UPUPW\htdocs\niuniu\thinkphp\lang\zh-cn.php
[ info ] [ LOG ] INIT File
[ 2017-08-28T15:46:31+08:00 ][ info ] [ BIND ] 'worker/Worker'
[ 2017-08-28T15:46:31+08:00 ][ info ] [ ROUTE ] array (
  'type' => 'module',
  'module' => 
  array (
    0 => 'worker',
    1 => 'Worker',
    2 => NULL,
  ),
)
[ 2017-08-28T15:46:31+08:00 ][ info ] [ HEADER ] array (
)
[ 2017-08-28T15:46:31+08:00 ][ info ] [ PARAM ] array (
)
[ 2017-08-28T15:47:19+08:00 ][ info ] [ LANG ] D:\UPUPW\htdocs\niuniu\thinkphp\lang\zh-cn.php
[ info ] [ LOG ] INIT File
[ 2017-08-28T15:47:19+08:00 ][ info ] [ BIND ] 'worker/Worker'
[ 2017-08-28T15:47:19+08:00 ][ info ] [ ROUTE ] array (
  'type' => 'module',
  'module' => 
  array (
    0 => 'worker',
    1 => 'Worker',
    2 => NULL,
  ),
)
[ 2017-08-28T15:47:19+08:00 ][ info ] [ HEADER ] array (
)
[ 2017-08-28T15:47:19+08:00 ][ info ] [ PARAM ] array (
)
[ 2017-08-28T15:48:13+08:00 ][ info ] [ LANG ] D:\UPUPW\htdocs\niuniu\thinkphp\lang\zh-cn.php
[ info ] [ LOG ] INIT File
[ 2017-08-28T15:48:13+08:00 ][ info ] [ BIND ] 'worker/Worker'
[ 2017-08-28T15:48:13+08:00 ][ info ] [ ROUTE ] array (
  'type' => 'module',
  'module' => 
  array (
    0 => 'worker',
    1 => 'Worker',
    2 => NULL,
  ),
)
[ 2017-08-28T15:48:13+08:00 ][ info ] [ HEADER ] array (
)
[ 2017-08-28T15:48:13+08:00 ][ info ] [ PARAM ] array (
)
[ 2017-08-28T15:56:21+08:00 ][ info ] [ LANG ] D:\UPUPW\htdocs\niuniu\thinkphp\lang\zh-cn.php
[ info ] [ LOG ] INIT File
[ 2017-08-28T15:56:21+08:00 ][ info ] [ BIND ] 'worker/Worker'
[ 2017-08-28T15:56:21+08:00 ][ info ] [ ROUTE ] array (
  'type' => 'module',
  'module' => 
  array (
    0 => 'worker',
    1 => 'Worker',
    2 => NULL,
  ),
)
[ 2017-08-28T15:56:21+08:00 ][ info ] [ HEADER ] array (
)
[ 2017-08-28T15:56:21+08:00 ][ info ] [ PARAM ] array (
)
[ 2017-08-28T15:57:14+08:00 ][ info ] [ LANG ] D:\UPUPW\htdocs\niuniu\thinkphp\lang\zh-cn.php
[ info ] [ LOG ] INIT File
[ 2017-08-28T15:57:14+08:00 ][ info ] [ BIND ] 'worker/Worker'
[ 2017-08-28T15:57:14+08:00 ][ info ] [ ROUTE ] array (
  'type' => 'module',
  'module' => 
  array (
    0 => 'worker',
    1 => 'Worker',
    2 => NULL,
  ),
)
[ 2017-08-28T15:57:14+08:00 ][ info ] [ HEADER ] array (
)
[ 2017-08-28T15:57:14+08:00 ][ info ] [ PARAM ] array (
)
[ 2017-08-28T16:00:25+08:00 ][ info ] [ LANG ] D:\UPUPW\htdocs\niuniu\thinkphp\lang\zh-cn.php
[ info ] [ LOG ] INIT File
[ 2017-08-28T16:00:25+08:00 ][ info ] [ BIND ] 'worker/Worker'
[ 2017-08-28T16:00:25+08:00 ][ info ] [ ROUTE ] array (
  'type' => 'module',
  'module' => 
  array (
    0 => 'worker',
    1 => 'Worker',
    2 => 'start',
  ),
)
[ 2017-08-28T16:00:25+08:00 ][ info ] [ HEADER ] array (
)
[ 2017-08-28T16:00:25+08:00 ][ info ] [ PARAM ] array (
)
[ 2017-08-28T16:01:17+08:00 ][ info ] [ LANG ] D:\UPUPW\htdocs\niuniu\thinkphp\lang\zh-cn.php
[ info ] [ LOG ] INIT File
[ 2017-08-28T16:01:17+08:00 ][ info ] [ BIND ] 'worker/Worker'
[ 2017-08-28T16:01:17+08:00 ][ info ] [ ROUTE ] array (
  'type' => 'module',
  'module' => 
  array (
    0 => 'worker',
    1 => 'Worker',
    2 => 'start',
  ),
)
[ 2017-08-28T16:01:17+08:00 ][ info ] [ HEADER ] array (
)
[ 2017-08-28T16:01:17+08:00 ][ info ] [ PARAM ] array (
)
[ 2017-08-28T16:15:25+08:00 ][ info ] [ LANG ] D:\UPUPW\htdocs\niuniu\thinkphp\lang\zh-cn.php
[ info ] [ LOG ] INIT File
[ 2017-08-28T16:15:25+08:00 ][ info ] [ BIND ] 'worker/Worker'
[ 2017-08-28T16:15:25+08:00 ][ info ] [ ROUTE ] array (
  'type' => 'module',
  'module' => 
  array (
    0 => 'worker',
    1 => 'Worker',
    2 => 'start',
  ),
)
[ 2017-08-28T16:15:25+08:00 ][ info ] [ HEADER ] array (
)
[ 2017-08-28T16:15:25+08:00 ][ info ] [ PARAM ] array (
)
[ 2017-08-28T16:15:59+08:00 ][ info ] [ LANG ] D:\UPUPW\htdocs\niuniu\thinkphp\lang\zh-cn.php
[ info ] [ LOG ] INIT File
[ 2017-08-28T16:15:59+08:00 ][ info ] [ BIND ] 'worker/Worker'
[ 2017-08-28T16:15:59+08:00 ][ info ] [ ROUTE ] array (
  'type' => 'module',
  'module' => 
  array (
    0 => 'worker',
    1 => 'Worker',
    2 => 'start',
  ),
)
[ 2017-08-28T16:15:59+08:00 ][ info ] [ HEADER ] array (
)
[ 2017-08-28T16:15:59+08:00 ][ info ] [ PARAM ] array (
)
[ 2017-08-28T16:16:10+08:00 ][ info ] [ LANG ] D:\UPUPW\htdocs\niuniu\thinkphp\lang\zh-cn.php
[ info ] [ LOG ] INIT File
[ 2017-08-28T16:16:10+08:00 ][ info ] [ BIND ] 'worker/Worker'
[ 2017-08-28T16:16:10+08:00 ][ info ] [ ROUTE ] array (
  'type' => 'module',
  'module' => 
  array (
    0 => 'worker',
    1 => 'Worker',
    2 => 'start',
  ),
)
[ 2017-08-28T16:16:10+08:00 ][ info ] [ HEADER ] array (
)
[ 2017-08-28T16:16:10+08:00 ][ info ] [ PARAM ] array (
)
[ 2017-08-28T16:16:37+08:00 ][ info ] [ LANG ] D:\UPUPW\htdocs\niuniu\thinkphp\lang\zh-cn.php
[ info ] [ LOG ] INIT File
[ 2017-08-28T16:16:37+08:00 ][ info ] [ BIND ] 'worker/Worker'
[ 2017-08-28T16:16:37+08:00 ][ info ] [ ROUTE ] array (
  'type' => 'module',
  'module' => 
  array (
    0 => 'worker',
    1 => 'Worker',
    2 => 'start',
  ),
)
[ 2017-08-28T16:16:37+08:00 ][ info ] [ HEADER ] array (
)
[ 2017-08-28T16:16:37+08:00 ][ info ] [ PARAM ] array (
)
[ 2017-08-28T16:18:16+08:00 ][ info ] [ LANG ] D:\UPUPW\htdocs\niuniu\thinkphp\lang\zh-cn.php
[ info ] [ LOG ] INIT File
[ 2017-08-28T16:18:16+08:00 ][ info ] [ BIND ] 'worker/Worker'
[ 2017-08-28T16:18:16+08:00 ][ info ] [ ROUTE ] array (
  'type' => 'module',
  'module' => 
  array (
    0 => 'worker',
    1 => 'Worker',
    2 => 'start',
  ),
)
[ 2017-08-28T16:18:16+08:00 ][ info ] [ HEADER ] array (
)
[ 2017-08-28T16:18:16+08:00 ][ info ] [ PARAM ] array (
)
[ 2017-08-28T16:18:45+08:00 ][ info ] [ LANG ] D:\UPUPW\htdocs\niuniu\thinkphp\lang\zh-cn.php
[ info ] [ LOG ] INIT File
[ 2017-08-28T16:18:45+08:00 ][ info ] [ BIND ] 'worker/Worker'
[ 2017-08-28T16:18:45+08:00 ][ info ] [ ROUTE ] array (
  'type' => 'module',
  'module' => 
  array (
    0 => 'worker',
    1 => 'Worker',
    2 => NULL,
  ),
)
[ 2017-08-28T16:18:45+08:00 ][ info ] [ HEADER ] array (
)
[ 2017-08-28T16:18:45+08:00 ][ info ] [ PARAM ] array (
)
[ 2017-08-28T16:20:03+08:00 ][ info ] [ LANG ] D:\UPUPW\htdocs\niuniu\thinkphp\lang\zh-cn.php
[ info ] [ LOG ] INIT File
[ 2017-08-28T16:20:03+08:00 ][ info ] [ BIND ] 'worker/Worker'
[ 2017-08-28T16:20:03+08:00 ][ info ] [ ROUTE ] array (
  'type' => 'module',
  'module' => 
  array (
    0 => 'worker',
    1 => 'Worker',
    2 => 'start',
  ),
)
[ 2017-08-28T16:20:03+08:00 ][ info ] [ HEADER ] array (
)
[ 2017-08-28T16:20:04+08:00 ][ info ] [ PARAM ] array (
)
[ 2017-08-28T16:23:44+08:00 ][ info ] [ LANG ] D:\UPUPW\htdocs\niuniu\thinkphp\lang\zh-cn.php
[ info ] [ LOG ] INIT File
[ 2017-08-28T16:23:44+08:00 ][ info ] [ BIND ] 'worker/Worker'
[ 2017-08-28T16:23:44+08:00 ][ info ] [ ROUTE ] array (
  'type' => 'module',
  'module' => 
  array (
    0 => 'worker',
    1 => 'Worker',
    2 => 'start',
  ),
)
[ 2017-08-28T16:23:44+08:00 ][ info ] [ HEADER ] array (
)
[ 2017-08-28T16:23:44+08:00 ][ info ] [ PARAM ] array (
)
[ 2017-08-28T16:23:55+08:00 ][ info ] [ LANG ] D:\UPUPW\htdocs\niuniu\thinkphp\lang\zh-cn.php
[ info ] [ LOG ] INIT File
[ 2017-08-28T16:23:55+08:00 ][ info ] [ BIND ] 'worker/Worker'
[ 2017-08-28T16:23:55+08:00 ][ info ] [ ROUTE ] array (
  'type' => 'module',
  'module' => 
  array (
    0 => 'worker',
    1 => 'Worker',
    2 => 'start',
  ),
)
[ 2017-08-28T16:23:55+08:00 ][ info ] [ HEADER ] array (
)
[ 2017-08-28T16:23:55+08:00 ][ info ] [ PARAM ] array (
)
[ 2017-08-28T16:24:17+08:00 ][ info ] [ LANG ] D:\UPUPW\htdocs\niuniu\thinkphp\lang\zh-cn.php
[ info ] [ LOG ] INIT File
[ 2017-08-28T16:24:17+08:00 ][ info ] [ BIND ] 'worker/Worker'
[ 2017-08-28T16:24:17+08:00 ][ info ] [ ROUTE ] array (
  'type' => 'module',
  'module' => 
  array (
    0 => 'worker',
    1 => 'Worker',
    2 => 'start',
  ),
)
[ 2017-08-28T16:24:17+08:00 ][ info ] [ HEADER ] array (
)
[ 2017-08-28T16:24:17+08:00 ][ info ] [ PARAM ] array (
)
[ 2017-08-28T16:44:32+08:00 ][ info ] [ LANG ] D:\UPUPW\htdocs\niuniu\thinkphp\lang\zh-cn.php
[ info ] [ LOG ] INIT File
[ 2017-08-28T16:44:32+08:00 ][ info ] [ BIND ] 'worker/Worker'
[ 2017-08-28T16:44:32+08:00 ][ info ] [ ROUTE ] array (
  'type' => 'module',
  'module' => 
  array (
    0 => 'worker',
    1 => 'Worker',
    2 => 'start',
  ),
)
[ 2017-08-28T16:44:32+08:00 ][ info ] [ HEADER ] array (
)
[ 2017-08-28T16:44:32+08:00 ][ info ] [ PARAM ] array (
)
[ 2017-08-28T17:10:50+08:00 ][ info ] [ LANG ] D:\UPUPW\htdocs\niuniu\thinkphp\lang\zh-cn.php
[ info ] [ LOG ] INIT File
[ 2017-08-28T17:10:50+08:00 ][ info ] [ BIND ] 'worker/Worker'
[ 2017-08-28T17:10:50+08:00 ][ info ] [ ROUTE ] array (
  'type' => 'module',
  'module' => 
  array (
    0 => 'worker',
    1 => 'Worker',
    2 => NULL,
  ),
)
[ 2017-08-28T17:10:50+08:00 ][ info ] [ HEADER ] array (
)
[ 2017-08-28T17:10:50+08:00 ][ info ] [ PARAM ] array (
)
[ 2017-08-28T17:11:42+08:00 ][ info ] [ LANG ] D:\UPUPW\htdocs\niuniu\thinkphp\lang\zh-cn.php
[ info ] [ LOG ] INIT File
[ 2017-08-28T17:11:42+08:00 ][ info ] [ BIND ] 'worker/Worker'
[ 2017-08-28T17:11:42+08:00 ][ info ] [ ROUTE ] array (
  'type' => 'module',
  'module' => 
  array (
    0 => 'worker',
    1 => 'Worker',
    2 => 'start',
  ),
)
[ 2017-08-28T17:11:42+08:00 ][ info ] [ HEADER ] array (
)
[ 2017-08-28T17:11:42+08:00 ][ info ] [ PARAM ] array (
)
[ 2017-08-28T17:12:49+08:00 ][ info ] [ LANG ] D:\UPUPW\htdocs\niuniu\thinkphp\lang\zh-cn.php
[ info ] [ LOG ] INIT File
[ 2017-08-28T17:12:49+08:00 ][ info ] [ BIND ] 'worker/Worker'
[ 2017-08-28T17:12:49+08:00 ][ info ] [ ROUTE ] array (
  'type' => 'module',
  'module' => 
  array (
    0 => 'worker',
    1 => 'Worker',
    2 => 'start',
  ),
)
[ 2017-08-28T17:12:49+08:00 ][ info ] [ HEADER ] array (
)
[ 2017-08-28T17:12:49+08:00 ][ info ] [ PARAM ] array (
)
[ 2017-08-28T18:13:03+08:00 ][ info ] [ LANG ] D:\UPUPW\htdocs\niuniu\thinkphp\lang\zh-cn.php
[ info ] [ LOG ] INIT File
[ 2017-08-28T18:13:03+08:00 ][ info ] [ BIND ] 'worker/Worker'
[ 2017-08-28T18:13:03+08:00 ][ info ] [ ROUTE ] array (
  'type' => 'module',
  'module' => 
  array (
    0 => 'worker',
    1 => 'Worker',
    2 => 'start',
  ),
)
[ 2017-08-28T18:13:03+08:00 ][ info ] [ HEADER ] array (
)
[ 2017-08-28T18:13:03+08:00 ][ info ] [ PARAM ] array (
)
[ 2017-08-28T18:16:16+08:00 ][ info ] [ LANG ] D:\UPUPW\htdocs\niuniu\thinkphp\lang\zh-cn.php
[ info ] [ LOG ] INIT File
[ 2017-08-28T18:16:16+08:00 ][ info ] [ BIND ] 'worker/Worker'
[ 2017-08-28T18:16:16+08:00 ][ info ] [ ROUTE ] array (
  'type' => 'module',
  'module' => 
  array (
    0 => 'worker',
    1 => 'Worker',
    2 => 'start',
  ),
)
[ 2017-08-28T18:16:16+08:00 ][ info ] [ HEADER ] array (
)
[ 2017-08-28T18:16:16+08:00 ][ info ] [ PARAM ] array (
)
